<?xml version="1.0" encoding="UTF-8"?>
<!-- Generated by org.testng.reporters.JUnitXMLReporter -->
<testsuite ignored="0" hostname="LTIN718983" failures="1" tests="21" name="Chrome" time="111.164" errors="0" timestamp="2026-05-20T09:42:48 IST">
  <testcase classname="tests.TipCalculatorTest" name="runTest" time="1.069"/>
  <testcase classname="tests.TipCalculatorTest" name="runTest" time="4.703"/>
  <testcase classname="tests.TipCalculatorTest" name="runTest" time="2.131"/>
  <testcase classname="tests.TipCalculatorTest" name="runTest" time="1.958"/>
  <testcase classname="tests.TipCalculatorTest" name="runTest" time="2.057"/>
  <testcase classname="tests.TipCalculatorTest" name="runTest" time="4.613"/>
  <testcase classname="tests.TipCalculatorTest" name="runTest" time="2.649"/>
  <testcase classname="tests.TipCalculatorTest" name="runTest" time="2.222"/>
  <testcase classname="tests.TipCalculatorTest" name="runTest" time="5.307">
    <skipped/>
  </testcase> <!-- runTest -->
  <testcase classname="tests.TipCalculatorTest" name="runTest" time="5.386">
    <failure type="java.lang.AssertionError" message="TC_009 FAILED">
      <![CDATA[java.lang.AssertionError: TC_009 FAILED
at tests.TipCalculatorTest.runTest(TipCalculatorTest.java:250)
at java.base/java.util.ArrayList.forEach(ArrayList.java:1596)
at java.base/java.util.concurrent.FutureTask.run(FutureTask.java:317)
at java.base/java.util.concurrent.ThreadPoolExecutor.runWorker(ThreadPoolExecutor.java:1144)
at java.base/java.util.concurrent.ThreadPoolExecutor$Worker.run(ThreadPoolExecutor.java:642)
at java.base/java.lang.Thread.run(Thread.java:1583)
... Removed 16 stack frames]]>
    </failure>
  </testcase> <!-- runTest -->
  <testcase classname="tests.TipCalculatorTest" name="runTest" time="5.348"/>
  <testcase classname="tests.TipCalculatorTest" name="runTest" time="5.082"/>
  <testcase classname="tests.TipCalculatorTest" name="runTest" time="5.23"/>
  <testcase classname="tests.TipCalculatorTest" name="runTest" time="5.308"/>
  <testcase classname="tests.TipCalculatorTest" name="runTest" time="5.233"/>
  <testcase classname="tests.TipCalculatorTest" name="runTest" time="4.992"/>
  <testcase classname="tests.TipCalculatorTest" name="runTest" time="5.28"/>
  <testcase classname="tests.TipCalculatorTest" name="runTest" time="5.604"/>
  <testcase classname="tests.TipCalculatorTest" name="runTest" time="5.21"/>
  <testcase classname="tests.TipCalculatorTest" name="runTest" time="5.719"/>
  <testcase classname="tests.TipCalculatorTest" name="runTest" time="5.51"/>
</testsuite> <!-- Chrome -->
