<?xml version="1.0" encoding="UTF-8"?>
<!-- Generated by org.testng.reporters.JUnitXMLReporter -->
<testsuite ignored="0" hostname="LTIN718983" failures="1" tests="21" name="Edge" time="111.351" errors="0" timestamp="2026-05-20T09:42:49 IST">
  <testcase classname="tests.TipCalculatorTest" name="runTest" time="1.103"/>
  <testcase classname="tests.TipCalculatorTest" name="runTest" time="4.94"/>
  <testcase classname="tests.TipCalculatorTest" name="runTest" time="2.438"/>
  <testcase classname="tests.TipCalculatorTest" name="runTest" time="2.122"/>
  <testcase classname="tests.TipCalculatorTest" name="runTest" time="2.21"/>
  <testcase classname="tests.TipCalculatorTest" name="runTest" time="5.451"/>
  <testcase classname="tests.TipCalculatorTest" name="runTest" time="2.504"/>
  <testcase classname="tests.TipCalculatorTest" name="runTest" time="2.568"/>
  <testcase classname="tests.TipCalculatorTest" name="runTest" time="6.204">
    <skipped/>
  </testcase> <!-- runTest -->
  <testcase classname="tests.TipCalculatorTest" name="runTest" time="6.04">
    <failure type="java.lang.AssertionError" message="TC_009 FAILED">
      <![CDATA[java.lang.AssertionError: TC_009 FAILED
at tests.TipCalculatorTest.runTest(TipCalculatorTest.java:250)
at java.base/java.util.ArrayList.forEach(ArrayList.java:1596)
at java.base/java.util.concurrent.FutureTask.run(FutureTask.java:317)
at java.base/java.util.concurrent.ThreadPoolExecutor.runWorker(ThreadPoolExecutor.java:1144)
at java.base/java.util.concurrent.ThreadPoolExecutor$Worker.run(ThreadPoolExecutor.java:642)
at java.base/java.lang.Thread.run(Thread.java:1583)
... Removed 16 stack frames]]>
    </failure>
  </testcase> <!-- runTest -->
  <testcase classname="tests.TipCalculatorTest" name="runTest" time="5.455"/>
  <testcase classname="tests.TipCalculatorTest" name="runTest" time="4.984"/>
  <testcase classname="tests.TipCalculatorTest" name="runTest" time="4.836"/>
  <testcase classname="tests.TipCalculatorTest" name="runTest" time="5.11"/>
  <testcase classname="tests.TipCalculatorTest" name="runTest" time="5.388"/>
  <testcase classname="tests.TipCalculatorTest" name="runTest" time="4.79"/>
  <testcase classname="tests.TipCalculatorTest" name="runTest" time="5.11"/>
  <testcase classname="tests.TipCalculatorTest" name="runTest" time="5.341"/>
  <testcase classname="tests.TipCalculatorTest" name="runTest" time="5.184"/>
  <testcase classname="tests.TipCalculatorTest" name="runTest" time="5.311"/>
  <testcase classname="tests.TipCalculatorTest" name="runTest" time="5.035"/>
</testsuite> <!-- Edge -->
