<?xml version="1.0" encoding="UTF-8"?>
<!-- Generated by org.testng.reporters.JUnitReportReporter -->
<testsuite hostname="LTIN718983" failures="2" tests="42" name="tests.TipCalculatorTest" time="191.219" errors="0" timestamp="2026-05-20T09:42:49 IST" skipped="2">
  <testcase classname="tests.TipCalculatorTest" name="runTest" time="2.318"/>
  <testcase classname="tests.TipCalculatorTest" name="runTest" time="5.592"/>
  <testcase classname="tests.TipCalculatorTest" name="runTest" time="6.264">
    <failure message="TC_009 FAILED" type="java.lang.AssertionError">
      <![CDATA[java.lang.AssertionError: TC_009 FAILED
at org.testng.Assert.fail(Assert.java:111)
at tests.TipCalculatorTest.runTest(TipCalculatorTest.java:250)
at java.base/jdk.internal.reflect.DirectMethodHandleAccessor.invoke(DirectMethodHandleAccessor.java:103)
at java.base/java.lang.reflect.Method.invoke(Method.java:580)
at org.testng.internal.invokers.MethodInvocationHelper.invokeMethod(MethodInvocationHelper.java:141)
at org.testng.internal.invokers.TestInvoker.invokeMethod(TestInvoker.java:687)
at org.testng.internal.invokers.TestInvoker.retryFailed(TestInvoker.java:269)
at org.testng.internal.invokers.MethodRunner.runInSequence(MethodRunner.java:76)
at org.testng.internal.invokers.TestInvoker$MethodInvocationAgent.invoke(TestInvoker.java:995)
at org.testng.internal.invokers.TestInvoker.invokeTestMethods(TestInvoker.java:203)
at org.testng.internal.invokers.TestMethodWorker.invokeTestMethods(TestMethodWorker.java:154)
at org.testng.internal.invokers.TestMethodWorker.run(TestMethodWorker.java:134)
at java.base/java.util.ArrayList.forEach(ArrayList.java:1596)
at org.testng.TestRunner.privateRun(TestRunner.java:741)
at org.testng.TestRunner.run(TestRunner.java:616)
at org.testng.SuiteRunner.runTest(SuiteRunner.java:421)
at org.testng.SuiteRunner$SuiteWorker.run(SuiteRunner.java:463)
at org.testng.internal.thread.ThreadUtil.lambda$execute$0(ThreadUtil.java:64)
at java.base/java.util.concurrent.FutureTask.run(FutureTask.java:317)
at java.base/java.util.concurrent.ThreadPoolExecutor.runWorker(ThreadPoolExecutor.java:1144)
at java.base/java.util.concurrent.ThreadPoolExecutor$Worker.run(ThreadPoolExecutor.java:642)
at java.base/java.lang.Thread.run(Thread.java:1583)
]]>
    </failure>
  </testcase> <!-- runTest -->
  <testcase classname="tests.TipCalculatorTest" name="runTest" time="6.375">
    <skipped/>
  </testcase> <!-- runTest -->
  <testcase classname="tests.TipCalculatorTest" name="runTest" time="2.739"/>
  <testcase classname="tests.TipCalculatorTest" name="runTest" time="5.661"/>
  <testcase classname="tests.TipCalculatorTest" name="runTest" time="5.335"/>
  <testcase classname="tests.TipCalculatorTest" name="runTest" time="2.354"/>
  <testcase classname="tests.TipCalculatorTest" name="runTest" time="2.812"/>
  <testcase classname="tests.TipCalculatorTest" name="runTest" time="2.793"/>
  <testcase classname="tests.TipCalculatorTest" name="runTest" time="4.991"/>
  <testcase classname="tests.TipCalculatorTest" name="runTest" time="5.579"/>
  <testcase classname="tests.TipCalculatorTest" name="runTest" time="5.204"/>
  <testcase classname="tests.TipCalculatorTest" name="runTest" time="5.445">
    <skipped/>
  </testcase> <!-- runTest -->
  <testcase classname="tests.TipCalculatorTest" name="runTest" time="4.963"/>
  <testcase classname="tests.TipCalculatorTest" name="runTest" time="5.383"/>
  <testcase classname="tests.TipCalculatorTest" name="runTest" time="5.351"/>
  <testcase classname="tests.TipCalculatorTest" name="runTest" time="5.633"/>
  <testcase classname="tests.TipCalculatorTest" name="runTest" time="1.302"/>
  <testcase classname="tests.TipCalculatorTest" name="runTest" time="5.169"/>
  <testcase classname="tests.TipCalculatorTest" name="runTest" time="5.531">
    <failure message="TC_009 FAILED" type="java.lang.AssertionError">
      <![CDATA[java.lang.AssertionError: TC_009 FAILED
at org.testng.Assert.fail(Assert.java:111)
at tests.TipCalculatorTest.runTest(TipCalculatorTest.java:250)
at java.base/jdk.internal.reflect.DirectMethodHandleAccessor.invoke(DirectMethodHandleAccessor.java:103)
at java.base/java.lang.reflect.Method.invoke(Method.java:580)
at org.testng.internal.invokers.MethodInvocationHelper.invokeMethod(MethodInvocationHelper.java:141)
at org.testng.internal.invokers.TestInvoker.invokeMethod(TestInvoker.java:687)
at org.testng.internal.invokers.TestInvoker.retryFailed(TestInvoker.java:269)
at org.testng.internal.invokers.MethodRunner.runInSequence(MethodRunner.java:76)
at org.testng.internal.invokers.TestInvoker$MethodInvocationAgent.invoke(TestInvoker.java:995)
at org.testng.internal.invokers.TestInvoker.invokeTestMethods(TestInvoker.java:203)
at org.testng.internal.invokers.TestMethodWorker.invokeTestMethods(TestMethodWorker.java:154)
at org.testng.internal.invokers.TestMethodWorker.run(TestMethodWorker.java:134)
at java.base/java.util.ArrayList.forEach(ArrayList.java:1596)
at org.testng.TestRunner.privateRun(TestRunner.java:741)
at org.testng.TestRunner.run(TestRunner.java:616)
at org.testng.SuiteRunner.runTest(SuiteRunner.java:421)
at org.testng.SuiteRunner$SuiteWorker.run(SuiteRunner.java:463)
at org.testng.internal.thread.ThreadUtil.lambda$execute$0(ThreadUtil.java:64)
at java.base/java.util.concurrent.FutureTask.run(FutureTask.java:317)
at java.base/java.util.concurrent.ThreadPoolExecutor.runWorker(ThreadPoolExecutor.java:1144)
at java.base/java.util.concurrent.ThreadPoolExecutor$Worker.run(ThreadPoolExecutor.java:642)
at java.base/java.lang.Thread.run(Thread.java:1583)
]]>
    </failure>
  </testcase> <!-- runTest -->
  <testcase classname="tests.TipCalculatorTest" name="runTest" time="5.098"/>
  <testcase classname="tests.TipCalculatorTest" name="runTest" time="2.326"/>
  <testcase classname="tests.TipCalculatorTest" name="runTest" time="5.868"/>
  <testcase classname="tests.TipCalculatorTest" name="runTest" time="5.230"/>
  <testcase classname="tests.TipCalculatorTest" name="runTest" time="1.255"/>
  <testcase classname="tests.TipCalculatorTest" name="runTest" time="2.677"/>
  <testcase classname="tests.TipCalculatorTest" name="runTest" time="5.905"/>
  <testcase classname="tests.TipCalculatorTest" name="runTest" time="2.403"/>
  <testcase classname="tests.TipCalculatorTest" name="runTest" time="5.474"/>
  <testcase classname="tests.TipCalculatorTest" name="runTest" time="5.608"/>
  <testcase classname="tests.TipCalculatorTest" name="runTest" time="5.253"/>
  <testcase classname="tests.TipCalculatorTest" name="runTest" time="5.557"/>
  <testcase classname="tests.TipCalculatorTest" name="runTest" time="5.521"/>
  <testcase classname="tests.TipCalculatorTest" name="runTest" time="5.657"/>
  <testcase classname="tests.TipCalculatorTest" name="runTest" time="4.875"/>
  <testcase classname="tests.TipCalculatorTest" name="runTest" time="5.422"/>
  <testcase classname="tests.TipCalculatorTest" name="runTest" time="5.499"/>
  <testcase classname="tests.TipCalculatorTest" name="runTest" time="2.190"/>
  <testcase classname="tests.TipCalculatorTest" name="runTest" time="5.602"/>
  <testcase classname="tests.TipCalculatorTest" name="runTest" time="2.235"/>
  <testcase classname="tests.TipCalculatorTest" name="runTest" time="4.770"/>
</testsuite> <!-- tests.TipCalculatorTest -->
